<?xml version="1.0" encoding="UTF-8"?>
<testsuite xmlns:xsi="http://www.w3.org/2001/XMLSchema-instance" xsi:noNamespaceSchemaLocation="https://maven.apache.org/surefire/maven-surefire-plugin/xsd/surefire-test-report.xsd" version="3.0.2" name="ca.sheridancollege.damorn.PersonalProjectdamornApplicationTests" time="5.942" tests="1" errors="0" skipped="0" failures="0">
  <properties>
[...]
</properties>
  <testcase name="contextLoads" classname="ca.sheridancollege.damorn.PersonalProjectdamornApplicationTests" time="1.301">
    <system-out><![CDATA[20:08:29.548 [main] INFO org.springframework.test.context.support.AnnotationConfigContextLoaderUtils -- Could not detect default configuration classes for test class [ca.sheridancollege.damorn.PersonalProjectdamornApplicationTests]: PersonalProjectdamornApplicationTests does not declare any static, non-private, non-final, nested classes annotated with @Configuration.
20:08:29.746 [main] INFO org.springframework.boot.test.context.SpringBootTestContextBootstrapper -- Found @SpringBootConfiguration ca.sheridancollege.damorn.PersonalProjectdamornApplication for test class ca.sheridancollege.damorn.PersonalProjectdamornApplicationTests

  .   ____          _            __ _ _
 /\\ / ___'_ __ _ _(_)_ __  __ _ \ \ \ \
( ( )\___ | '_ | '_| | '_ \/ _` | \ \ \ \
 \\/  ___)| |_)| | | | | || (_| |  ) ) ) )
  '  |____| .__|_| |_|_| |_\__, | / / / /
 =========|_|==============|___/=/_/_/_/

 :: Spring Boot ::                (v3.4.3)

2025-03-12T20:08:30.559-04:00  INFO 4232 --- [           main] .d.PersonalProjectdamornApplicationTests : Starting PersonalProjectdamornApplicationTests using Java 21.0.4 with PID 4232 (started by nickd in C:\Users\nickd\eclipse-workspace\PersonalProjectdamorn)
2025-03-12T20:08:30.561-04:00  INFO 4232 --- [           main] .d.PersonalProjectdamornApplicationTests : No active profile set, falling back to 1 default profile: "default"
2025-03-12T20:08:32.174-04:00  INFO 4232 --- [           main] com.zaxxer.hikari.HikariDataSource       : HikariPool-1 - Starting...
2025-03-12T20:08:32.554-04:00  INFO 4232 --- [           main] com.zaxxer.hikari.pool.HikariPool        : HikariPool-1 - Added connection conn0: url=jdbc:h2:mem:testdb user=SA
2025-03-12T20:08:32.557-04:00  INFO 4232 --- [           main] com.zaxxer.hikari.HikariDataSource       : HikariPool-1 - Start completed.
2025-03-12T20:08:33.065-04:00  INFO 4232 --- [           main] o.s.b.a.w.s.WelcomePageHandlerMapping    : Adding welcome page template: index
2025-03-12T20:08:33.690-04:00  INFO 4232 --- [           main] o.s.b.a.h2.H2ConsoleAutoConfiguration    : H2 console available at '/h2-console'. Database available at 'jdbc:h2:mem:testdb'
2025-03-12T20:08:33.813-04:00  INFO 4232 --- [           main] .d.PersonalProjectdamornApplicationTests : Started PersonalProjectdamornApplicationTests in 3.776 seconds (process running for 5.544)
]]></system-out>
    <system-err><![CDATA[Mockito is currently self-attaching to enable the inline-mock-maker. This will no longer work in future releases of the JDK. Please add Mockito as an agent to your build what is described in Mockito's documentation: https://javadoc.io/doc/org.mockito/mockito-core/latest/org/mockito/Mockito.html#0.3
WARNING: A Java agent has been loaded dynamically (C:\Users\nickd\.m2\repository\net\bytebuddy\byte-buddy-agent\1.15.11\byte-buddy-agent-1.15.11.jar)
WARNING: If a serviceability tool is in use, please run with -XX:+EnableDynamicAgentLoading to hide this warning
WARNING: If a serviceability tool is not in use, please run with -Djdk.instrument.traceUsage for more information
WARNING: Dynamic loading of agents will be disallowed by default in a future release
]]></system-err>
  </testcase>
</testsuite>